Connecting to jdbc:hive2://carbon15:10000
18/11/26 21:11:06 INFO Utils (Utils:310): Supplied authorities: carbon15:10000
18/11/26 21:11:06 INFO Utils (Utils:397): Resolved authority: carbon15:10000
18/11/26 21:11:06 INFO HiveConnection (HiveConnection:203): Will try to open client transport with JDBC Uri: jdbc:hive2://carbon15:10000
Connected to: Spark SQL (version 2.2.1)
Driver: Hive JDBC (version 1.2.1.spark2)
Transaction isolation: TRANSACTION_REPEATABLE_READ
0: jdbc:hive2://carbon15:10000> use tpchcarbon_ls;
+---------+--+
| Result  |
+---------+--+
+---------+--+
No rows selected (0.099 seconds)
0: jdbc:hive2://carbon15:10000> 
0: jdbc:hive2://carbon15:10000> set carbon.number.of.cores.while.loading=8;
+---------------------------------------+--------+--+
|                  key                  | value  |
+---------------------------------------+--------+--+
| carbon.number.of.cores.while.loading  | 8      |
+---------------------------------------+--------+--+
1 row selected (0.021 seconds)
0: jdbc:hive2://carbon15:10000> 
0: jdbc:hive2://carbon15:10000> load data inpath "/Users/jacky/code/tpch-osx/dbgen/tpch_data/part" into table PART options ('heade r'='false','delimiter'='|');
+---------+--+
| Result  |
+---------+--+
+---------+--+
No rows selected (5.559 seconds)
0: jdbc:hive2://carbon15:10000> load data inpath "/Users/jacky/code/tpch-osx/dbgen/tpch_data/supplier" into table SUPPLIER options  ('header'='false','delimiter'='|');
+---------+--+
| Result  |
+---------+--+
+---------+--+
No rows selected (0.515 seconds)
0: jdbc:hive2://carbon15:10000> load data inpath "/Users/jacky/code/tpch-osx/dbgen/tpch_data/orders" into table ORDERS options ('h eader'='false','delimiter'='|');
+---------+--+
| Result  |
+---------+--+
+---------+--+
No rows selected (26.057 seconds)
0: jdbc:hive2://carbon15:10000> load data inpath "/Users/jacky/code/tpch-osx/dbgen/tpch_data/nation" into table NATION options ('h eader'='false','delimiter'='|');
+---------+--+
| Result  |
+---------+--+
+---------+--+
No rows selected (0.484 seconds)
0: jdbc:hive2://carbon15:10000> load data inpath "/Users/jacky/code/tpch-osx/dbgen/tpch_data/region" into table REGION options ('h eader'='false','delimiter'='|');
+---------+--+
| Result  |
+---------+--+
+---------+--+
No rows selected (0.367 seconds)
0: jdbc:hive2://carbon15:10000> load data inpath "/Users/jacky/code/tpch-osx/dbgen/tpch_data/customer" into table CUSTOMER options  ('header'='false','delimiter'='|');
+---------+--+
| Result  |
+---------+--+
+---------+--+
No rows selected (3.377 seconds)
0: jdbc:hive2://carbon15:10000> load data inpath "/Users/jacky/code/tpch-osx/dbgen/tpch_data/partsupp" into table PARTSUPP options  ('header'='false','delimiter'='|');
+---------+--+
| Result  |
+---------+--+
+---------+--+
No rows selected (6.971 seconds)
0: jdbc:hive2://carbon15:10000> load data inpath "/Users/jacky/code/tpch-osx/dbgen/tpch_data/lineitem" into table LINEITEM options  ('header'='false','delimiter'='|');
+---------+--+
| Result  |
+---------+--+
+---------+--+
No rows selected (205.824 seconds)
0: jdbc:hive2://carbon15:10000> 
0: jdbc:hive2://carbon15:10000> 
0: jdbc:hive2://carbon15:10000> select count(*) from LINEITEM;
+-----------+--+
| count(1)  |
+-----------+--+
| 59986052  |
+-----------+--+
1 row selected (0.335 seconds)
0: jdbc:hive2://carbon15:10000> select count(*) from SUPPLIER;
+-----------+--+
| count(1)  |
+-----------+--+
| 100000    |
+-----------+--+
1 row selected (0.117 seconds)
0: jdbc:hive2://carbon15:10000> select count(*) from PARTSUPP;
+-----------+--+
| count(1)  |
+-----------+--+
| 8000000   |
+-----------+--+
1 row selected (0.106 seconds)
0: jdbc:hive2://carbon15:10000> select count(*) from CUSTOMER;
+-----------+--+
| count(1)  |
+-----------+--+
| 1500000   |
+-----------+--+
1 row selected (0.105 seconds)
0: jdbc:hive2://carbon15:10000> select count(*) from NATION;
+-----------+--+
| count(1)  |
+-----------+--+
| 25        |
+-----------+--+
1 row selected (0.102 seconds)
0: jdbc:hive2://carbon15:10000> select count(*) from REGION;
+-----------+--+
| count(1)  |
+-----------+--+
| 5         |
+-----------+--+
1 row selected (0.105 seconds)
0: jdbc:hive2://carbon15:10000> select count(*) from PART;
+-----------+--+
| count(1)  |
+-----------+--+
| 2000000   |
+-----------+--+
1 row selected (0.102 seconds)
0: jdbc:hive2://carbon15:10000> select count(*) from ORDERS;
+-----------+--+
| count(1)  |
+-----------+--+
| 15000000  |
+-----------+--+
1 row selected (0.113 seconds)
0: jdbc:hive2://carbon15:10000> 
Closing: 0: jdbc:hive2://carbon15:10000
